app/build/intermediates/manifest_merge_blame_file/debug/manifest-merger-blame-debug-report.txt
1<?xml version="1.0" encoding="utf-8"?>
2<manifest xmlns:android="http://schemas.android.com/apk/res/android"
3    package="com.example.BusApp"
4    android:versionCode="1"
5    android:versionName="1.0" >
6
7    <uses-sdk
8        android:minSdkVersion="16"
8-->src\main\AndroidManifest.xml
9        android:targetSdkVersion="32" />
9-->src\main\AndroidManifest.xml
10
11    <!-- Although the *SdkVersion is captured in gradle build files, this is required for non gradle builds -->
12    <!-- <uses-sdk android:minSdkVersion="14"/> -->
13    <uses-permission android:name="android.permission.ACCESS_NETWORK_STATE" />
13-->[com.google.firebase:firebase-database:19.2.1] AndroidManifest.xml:25:5-79
13-->[com.google.firebase:firebase-database:19.2.1] AndroidManifest.xml:25:22-76
14    <uses-permission android:name="android.permission.INTERNET" />
14-->[com.google.firebase:firebase-database:19.2.1] AndroidManifest.xml:26:5-67
14-->[com.google.firebase:firebase-database:19.2.1] AndroidManifest.xml:26:22-64
15
16    <application
16-->src\main\AndroidManifest.xml:5:5-75:19
17        android:allowBackup="true"
17-->src\main\AndroidManifest.xml:6:9-35
18        android:appComponentFactory="androidx.core.app.CoreComponentFactory"
18-->[androidx.core:core:1.7.0] AndroidManifest.xml:24:18-86
19        android:debuggable="true"
20        android:icon="@mipmap/ic_launcher"
20-->src\main\AndroidManifest.xml:7:9-43
21        android:label="@string/app_name"
21-->src\main\AndroidManifest.xml:8:9-41
22        android:roundIcon="@mipmap/ic_launcher_round"
22-->src\main\AndroidManifest.xml:9:9-54
23        android:supportsRtl="true"
23-->src\main\AndroidManifest.xml:10:9-35
24        android:testOnly="true"
25        android:theme="@style/Theme.AppCompat.Light.NoActionBar" >
25-->src\main\AndroidManifest.xml:11:9-65
26        <activity
26-->src\main\AndroidManifest.xml:12:9-14:39
27            android:name="com.example.busapp.WelcomeActivity"
27-->src\main\AndroidManifest.xml:13:13-62
28            android:exported="true" />
28-->src\main\AndroidManifest.xml:14:13-36
29        <activity
29-->src\main\AndroidManifest.xml:15:9-17:39
30            android:name="com.example.busapp.SignIn"
30-->src\main\AndroidManifest.xml:16:13-53
31            android:exported="true" />
31-->src\main\AndroidManifest.xml:17:13-36
32        <activity
32-->src\main\AndroidManifest.xml:18:9-20:39
33            android:name="com.example.busapp.activity_register"
33-->src\main\AndroidManifest.xml:19:13-64
34            android:exported="true" />
34-->src\main\AndroidManifest.xml:20:13-36
35        <activity
35-->src\main\AndroidManifest.xml:21:9-26:20
36            android:name="com.example.busapp.pay_frag"
36-->src\main\AndroidManifest.xml:22:13-55
37            android:exported="true" >
37-->src\main\AndroidManifest.xml:23:13-36
38        </activity>
39        <activity
39-->src\main\AndroidManifest.xml:29:9-32:20
40            android:name="com.example.busapp.MainActivitymk2"
40-->src\main\AndroidManifest.xml:29:19-68
41            android:exported="true" >
41-->src\main\AndroidManifest.xml:30:13-36
42        </activity>
43        <activity
43-->src\main\AndroidManifest.xml:36:5-37:44
44            android:name="com.example.busapp.OutBoundSearchResults"
44-->src\main\AndroidManifest.xml:36:15-70
45            android:exported="true" />
45-->src\main\AndroidManifest.xml:37:9-32
46        <activity
46-->src\main\AndroidManifest.xml:39:9-40:48
47            android:name="com.example.busapp.ReturnSearchResults"
47-->src\main\AndroidManifest.xml:39:19-72
48            android:exported="true" />
48-->src\main\AndroidManifest.xml:40:13-36
49        <activity
49-->src\main\AndroidManifest.xml:42:9-43:40
50            android:name="com.example.busapp.ConfirmationBooking"
50-->src\main\AndroidManifest.xml:42:19-72
51            android:exported="true" />
51-->src\main\AndroidManifest.xml:43:5-28
52        <activity
52-->src\main\AndroidManifest.xml:45:1-46:40
53            android:name="com.example.busapp.bamburgh"
53-->src\main\AndroidManifest.xml:45:11-53
54            android:exported="true" />
54-->src\main\AndroidManifest.xml:46:5-28
55        <activity
55-->src\main\AndroidManifest.xml:47:9-48:48
56            android:name="com.example.busapp.barnard"
56-->src\main\AndroidManifest.xml:47:19-60
57            android:exported="true" />
57-->src\main\AndroidManifest.xml:48:13-36
58        <activity
58-->src\main\AndroidManifest.xml:50:9-51:48
59            android:name="com.example.busapp.alnwick"
59-->src\main\AndroidManifest.xml:50:19-60
60            android:exported="true" />
60-->src\main\AndroidManifest.xml:51:13-36
61        <activity
61-->src\main\AndroidManifest.xml:53:9-54:48
62            android:name="com.example.busapp.auckland"
62-->src\main\AndroidManifest.xml:53:19-61
63            android:exported="true" />
63-->src\main\AndroidManifest.xml:54:13-36
64        <activity
64-->src\main\AndroidManifest.xml:55:9-57:20
65            android:name="com.example.busapp.MainDriver"
65-->src\main\AndroidManifest.xml:55:19-63
66            android:exported="true" >
66-->src\main\AndroidManifest.xml:56:13-36
67        </activity>
68        <activity
68-->src\main\AndroidManifest.xml:58:9-68:20
69            android:name="com.example.busapp.MainActivity"
69-->src\main\AndroidManifest.xml:59:13-59
70            android:exported="true"
70-->src\main\AndroidManifest.xml:60:13-36
71            android:label="@string/app_name"
71-->src\main\AndroidManifest.xml:61:13-45
72            android:theme="@style/Theme.APPNAv.NoActionBar" >
72-->src\main\AndroidManifest.xml:62:13-60
73            <intent-filter>
73-->src\main\AndroidManifest.xml:63:13-67:29
74                <action android:name="android.intent.action.MAIN" />
74-->src\main\AndroidManifest.xml:64:17-69
74-->src\main\AndroidManifest.xml:64:25-66
75
76                <category android:name="android.intent.category.LAUNCHER" />
76-->src\main\AndroidManifest.xml:66:17-77
76-->src\main\AndroidManifest.xml:66:27-74
77            </intent-filter>
78        </activity>
79        <activity
79-->src\main\AndroidManifest.xml:47:9-48:48
80            android:name="com.example.busapp.barnard"
80-->src\main\AndroidManifest.xml:47:19-60
81            android:exported="true" >
81-->src\main\AndroidManifest.xml:48:13-36
82        </activity>
83
84        <meta-data
84-->src\main\AndroidManifest.xml:72:9-74:57
85            android:name="preloaded_fonts"
85-->src\main\AndroidManifest.xml:73:13-43
86            android:resource="@array/preloaded_fonts" />
86-->src\main\AndroidManifest.xml:74:13-54
87
88        <service
88-->[com.google.firebase:firebase-database:19.2.1] AndroidManifest.xml:29:9-35:19
89            android:name="com.google.firebase.components.ComponentDiscoveryService"
89-->[com.google.firebase:firebase-database:19.2.1] AndroidManifest.xml:30:13-84
90            android:directBootAware="true"
90-->[com.google.firebase:firebase-common:20.3.2] AndroidManifest.xml:34:13-43
91            android:exported="false" >
91-->[com.google.firebase:firebase-database:19.2.1] AndroidManifest.xml:31:13-37
92            <meta-data
92-->[com.google.firebase:firebase-database:19.2.1] AndroidManifest.xml:32:13-34:85
93                android:name="com.google.firebase.components:com.google.firebase.database.DatabaseRegistrar"
93-->[com.google.firebase:firebase-database:19.2.1] AndroidManifest.xml:33:17-109
94                android:value="com.google.firebase.components.ComponentRegistrar" />
94-->[com.google.firebase:firebase-database:19.2.1] AndroidManifest.xml:34:17-82
95            <meta-data
95-->[com.google.firebase:firebase-auth-ktx:22.0.0] AndroidManifest.xml:11:13-13:85
96                android:name="com.google.firebase.components:com.google.firebase.auth.ktx.FirebaseAuthKtxRegistrar"
96-->[com.google.firebase:firebase-auth-ktx:22.0.0] AndroidManifest.xml:12:17-116
97                android:value="com.google.firebase.components.ComponentRegistrar" />
97-->[com.google.firebase:firebase-auth-ktx:22.0.0] AndroidManifest.xml:13:17-82
98            <meta-data
98-->[com.google.firebase:firebase-auth:22.0.0] AndroidManifest.xml:69:13-71:85
99                android:name="com.google.firebase.components:com.google.firebase.auth.FirebaseAuthRegistrar"
99-->[com.google.firebase:firebase-auth:22.0.0] AndroidManifest.xml:70:17-109
100                android:value="com.google.firebase.components.ComponentRegistrar" />
100-->[com.google.firebase:firebase-auth:22.0.0] AndroidManifest.xml:71:17-82
101            <meta-data
101-->[com.google.firebase:firebase-common-ktx:20.2.0] AndroidManifest.xml:14:13-16:85
102                android:name="com.google.firebase.components:com.google.firebase.ktx.FirebaseCommonKtxRegistrar"
102-->[com.google.firebase:firebase-common-ktx:20.2.0] AndroidManifest.xml:15:17-113
103                android:value="com.google.firebase.components.ComponentRegistrar" />
103-->[com.google.firebase:firebase-common-ktx:20.2.0] AndroidManifest.xml:16:17-82
104        </service>
105
106        <activity
106-->[com.google.firebase:firebase-auth:22.0.0] AndroidManifest.xml:29:9-46:20
107            android:name="com.google.firebase.auth.internal.GenericIdpActivity"
107-->[com.google.firebase:firebase-auth:22.0.0] AndroidManifest.xml:30:13-80
108            android:excludeFromRecents="true"
108-->[com.google.firebase:firebase-auth:22.0.0] AndroidManifest.xml:31:13-46
109            android:exported="true"
109-->[com.google.firebase:firebase-auth:22.0.0] AndroidManifest.xml:32:13-36
110            android:launchMode="singleTask"
110-->[com.google.firebase:firebase-auth:22.0.0] AndroidManifest.xml:33:13-44
111            android:theme="@android:style/Theme.Translucent.NoTitleBar" >
111-->[com.google.firebase:firebase-auth:22.0.0] AndroidManifest.xml:34:13-72
112            <intent-filter>
112-->[com.google.firebase:firebase-auth:22.0.0] AndroidManifest.xml:35:13-45:29
113                <action android:name="android.intent.action.VIEW" />
113-->[com.google.firebase:firebase-auth:22.0.0] AndroidManifest.xml:36:17-69
113-->[com.google.firebase:firebase-auth:22.0.0] AndroidManifest.xml:36:25-66
114
115                <category android:name="android.intent.category.DEFAULT" />
115-->[com.google.firebase:firebase-auth:22.0.0] AndroidManifest.xml:38:17-76
115-->[com.google.firebase:firebase-auth:22.0.0] AndroidManifest.xml:38:27-73
116                <category android:name="android.intent.category.BROWSABLE" />
116-->[com.google.firebase:firebase-auth:22.0.0] AndroidManifest.xml:39:17-78
116-->[com.google.firebase:firebase-auth:22.0.0] AndroidManifest.xml:39:27-75
117
118                <data
118-->[com.google.firebase:firebase-auth:22.0.0] AndroidManifest.xml:41:17-44:51
119                    android:host="firebase.auth"
119-->[com.google.firebase:firebase-auth:22.0.0] AndroidManifest.xml:42:21-49
120                    android:path="/"
120-->[com.google.firebase:firebase-auth:22.0.0] AndroidManifest.xml:43:21-37
121                    android:scheme="genericidp" />
121-->[com.google.firebase:firebase-auth:22.0.0] AndroidManifest.xml:44:21-48
122            </intent-filter>
123        </activity>
124        <activity
124-->[com.google.firebase:firebase-auth:22.0.0] AndroidManifest.xml:47:9-64:20
125            android:name="com.google.firebase.auth.internal.RecaptchaActivity"
125-->[com.google.firebase:firebase-auth:22.0.0] AndroidManifest.xml:48:13-79
126            android:excludeFromRecents="true"
126-->[com.google.firebase:firebase-auth:22.0.0] AndroidManifest.xml:49:13-46
127            android:exported="true"
127-->[com.google.firebase:firebase-auth:22.0.0] AndroidManifest.xml:50:13-36
128            android:launchMode="singleTask"
128-->[com.google.firebase:firebase-auth:22.0.0] AndroidManifest.xml:51:13-44
129            android:theme="@android:style/Theme.Translucent.NoTitleBar" >
129-->[com.google.firebase:firebase-auth:22.0.0] AndroidManifest.xml:52:13-72
130            <intent-filter>
130-->[com.google.firebase:firebase-auth:22.0.0] AndroidManifest.xml:53:13-63:29
131                <action android:name="android.intent.action.VIEW" />
131-->[com.google.firebase:firebase-auth:22.0.0] AndroidManifest.xml:36:17-69
131-->[com.google.firebase:firebase-auth:22.0.0] AndroidManifest.xml:36:25-66
132
133                <category android:name="android.intent.category.DEFAULT" />
133-->[com.google.firebase:firebase-auth:22.0.0] AndroidManifest.xml:38:17-76
133-->[com.google.firebase:firebase-auth:22.0.0] AndroidManifest.xml:38:27-73
134                <category android:name="android.intent.category.BROWSABLE" />
134-->[com.google.firebase:firebase-auth:22.0.0] AndroidManifest.xml:39:17-78
134-->[com.google.firebase:firebase-auth:22.0.0] AndroidManifest.xml:39:27-75
135
136                <data
136-->[com.google.firebase:firebase-auth:22.0.0] AndroidManifest.xml:41:17-44:51
137                    android:host="firebase.auth"
137-->[com.google.firebase:firebase-auth:22.0.0] AndroidManifest.xml:42:21-49
138                    android:path="/"
138-->[com.google.firebase:firebase-auth:22.0.0] AndroidManifest.xml:43:21-37
139                    android:scheme="recaptcha" />
139-->[com.google.firebase:firebase-auth:22.0.0] AndroidManifest.xml:44:21-48
140            </intent-filter>
141        </activity>
142
143        <provider
143-->[com.google.firebase:firebase-common:20.3.2] AndroidManifest.xml:25:9-30:39
144            android:name="com.google.firebase.provider.FirebaseInitProvider"
144-->[com.google.firebase:firebase-common:20.3.2] AndroidManifest.xml:26:13-77
145            android:authorities="com.example.BusApp.firebaseinitprovider"
145-->[com.google.firebase:firebase-common:20.3.2] AndroidManifest.xml:27:13-72
146            android:directBootAware="true"
146-->[com.google.firebase:firebase-common:20.3.2] AndroidManifest.xml:28:13-43
147            android:exported="false"
147-->[com.google.firebase:firebase-common:20.3.2] AndroidManifest.xml:29:13-37
148            android:initOrder="100" />
148-->[com.google.firebase:firebase-common:20.3.2] AndroidManifest.xml:30:13-36
149
150        <uses-library
150-->[androidx.window:window:1.0.0] AndroidManifest.xml:25:9-27:40
151            android:name="androidx.window.extensions"
151-->[androidx.window:window:1.0.0] AndroidManifest.xml:26:13-54
152            android:required="false" />
152-->[androidx.window:window:1.0.0] AndroidManifest.xml:27:13-37
153        <uses-library
153-->[androidx.window:window:1.0.0] AndroidManifest.xml:28:9-30:40
154            android:name="androidx.window.sidecar"
154-->[androidx.window:window:1.0.0] AndroidManifest.xml:29:13-51
155            android:required="false" />
155-->[androidx.window:window:1.0.0] AndroidManifest.xml:30:13-37
156
157        <activity
157-->[com.google.android.gms:play-services-base:18.0.1] AndroidManifest.xml:20:9-22:45
158            android:name="com.google.android.gms.common.api.GoogleApiActivity"
158-->[com.google.android.gms:play-services-base:18.0.1] AndroidManifest.xml:20:19-85
159            android:exported="false"
159-->[com.google.android.gms:play-services-base:18.0.1] AndroidManifest.xml:22:19-43
160            android:theme="@android:style/Theme.Translucent.NoTitleBar" />
160-->[com.google.android.gms:play-services-base:18.0.1] AndroidManifest.xml:21:19-78
161
162        <meta-data
162-->[com.google.android.gms:play-services-basement:18.1.0] AndroidManifest.xml:21:9-23:69
163            android:name="com.google.android.gms.version"
163-->[com.google.android.gms:play-services-basement:18.1.0] AndroidManifest.xml:22:13-58
164            android:value="@integer/google_play_services_version" />
164-->[com.google.android.gms:play-services-basement:18.1.0] AndroidManifest.xml:23:13-66
165
166        <provider
166-->[androidx.emoji2:emoji2:1.0.0] AndroidManifest.xml:26:9-34:20
167            android:name="androidx.startup.InitializationProvider"
167-->[androidx.emoji2:emoji2:1.0.0] AndroidManifest.xml:27:13-67
168            android:authorities="com.example.BusApp.androidx-startup"
168-->[androidx.emoji2:emoji2:1.0.0] AndroidManifest.xml:28:13-68
169            android:exported="false" >
169-->[androidx.emoji2:emoji2:1.0.0] AndroidManifest.xml:29:13-37
170            <meta-data
170-->[androidx.emoji2:emoji2:1.0.0] AndroidManifest.xml:31:13-33:52
171                android:name="androidx.emoji2.text.EmojiCompatInitializer"
171-->[androidx.emoji2:emoji2:1.0.0] AndroidManifest.xml:32:17-75
172                android:value="androidx.startup" />
172-->[androidx.emoji2:emoji2:1.0.0] AndroidManifest.xml:33:17-49
173            <meta-data
173-->[androidx.lifecycle:lifecycle-process:2.4.0] AndroidManifest.xml:31:13-33:52
174                android:name="androidx.lifecycle.ProcessLifecycleInitializer"
174-->[androidx.lifecycle:lifecycle-process:2.4.0] AndroidManifest.xml:32:17-78
175                android:value="androidx.startup" />
175-->[androidx.lifecycle:lifecycle-process:2.4.0] AndroidManifest.xml:33:17-49
176        </provider>
177    </application>
178
179</manifest>